INFO: [VRFC 10-163] Analyzing VHDL file "C:/Users/rolland/Documents/GIT/A-Eye/A-Eye_FPGA/conv_v2/conv_pkg.vhd" into library xil_defaultlib
INFO: [VRFC 10-163] Analyzing VHDL file "C:/Users/rolland/Documents/GIT/A-Eye/A-Eye_FPGA/conv_v2/axi_fifo.vhd" into library xil_defaultlib
INFO: [VRFC 10-3107] analyzing entity 'axi_fifo'
INFO: [VRFC 10-163] Analyzing VHDL file "C:/Users/rolland/Documents/GIT/A-Eye/A-Eye_FPGA/conv_v2/cmp_add_3_clk.vhd" into library xil_defaultlib
INFO: [VRFC 10-3107] analyzing entity 'cmp_add_3_clk'
INFO: [VRFC 10-163] Analyzing VHDL file "C:/Users/rolland/Documents/GIT/A-Eye/A-Eye_FPGA/conv_v2/cmp_multiAdd.vhd" into library xil_defaultlib
INFO: [VRFC 10-3107] analyzing entity 'cmp_multiAdd'
INFO: [VRFC 10-163] Analyzing VHDL file "C:/Users/rolland/Documents/GIT/A-Eye/A-Eye_FPGA/conv_v2/cmp_line_proc.vhd" into library xil_defaultlib
INFO: [VRFC 10-3107] analyzing entity 'cmp_line_proc'
INFO: [VRFC 10-163] Analyzing VHDL file "C:/Users/rolland/Documents/GIT/A-Eye/A-Eye_FPGA/conv_v2/cmp_reconst.vhd" into library xil_defaultlib
INFO: [VRFC 10-3107] analyzing entity 'cmp_reconst'
INFO: [VRFC 10-163] Analyzing VHDL file "C:/Users/rolland/Documents/GIT/A-Eye/A-Eye_FPGA/conv_v2/cmp_line_engine.vhd" into library xil_defaultlib
INFO: [VRFC 10-3107] analyzing entity 'cmp_line_engine'
INFO: [VRFC 10-163] Analyzing VHDL file "C:/Users/rolland/Documents/GIT/A-Eye/A-Eye_FPGA/conv_v2/cmp_pix_out_proc.vhd" into library xil_defaultlib
INFO: [VRFC 10-3107] analyzing entity 'cmp_pix_out_proc'
INFO: [VRFC 10-163] Analyzing VHDL file "C:/Users/rolland/Documents/GIT/A-Eye/A-Eye_FPGA/conv_v2/cmp_wrapper_fl_to_std.vhd" into library xil_defaultlib
INFO: [VRFC 10-3107] analyzing entity 'cmp_wrapper_fl_to_std'
INFO: [VRFC 10-163] Analyzing VHDL file "C:/Users/rolland/Documents/GIT/A-Eye/A-Eye_FPGA/conv_v2/cmp_wrapper_std_to_fl.vhd" into library xil_defaultlib
INFO: [VRFC 10-3107] analyzing entity 'cmp_wrapper_std_to_fl'
INFO: [VRFC 10-163] Analyzing VHDL file "C:/Users/rolland/Documents/GIT/A-Eye/A-Eye_FPGA/conv_v2/cmp_conv_wrapper.vhd" into library xil_defaultlib
INFO: [VRFC 10-3107] analyzing entity 'cmp_conv_wrapper'
INFO: [VRFC 10-163] Analyzing VHDL file "C:/Users/rolland/Documents/GIT/A-Eye/A-Eye_FPGA/conv_v2/tb_conv_wrapper.vhd" into library xil_defaultlib
INFO: [VRFC 10-3107] analyzing entity 'tb_conv_wrapper'
